<?xml version="1.0" encoding="UTF-8"?>
<testsuite xmlns:xsi="http://www.w3.org/2001/XMLSchema-instance" xsi:noNamespaceSchemaLocation="https://maven.apache.org/surefire/maven-surefire-plugin/xsd/surefire-test-report.xsd" name="TestSuite" time="177.03" tests="10" errors="0" skipped="0" failures="4">
  <properties>
[...]
</properties>
  <testcase name="loginWithValidCredentials" classname="org.OptimaBusTests.uiTests.CalcTests" time="2.304"/>
  <testcase name="chooseUSD" classname="org.OptimaBusTests.uiTests.CalcTests" time="4.555"/>
  <testcase name="loginWithValidCredentials" classname="org.OptimaBusTests.uiTests.LoginTests" time="1.573"/>
  <testcase name="checkTheMPBar" classname="org.OptimaBusTests.uiTests.MainPageTest" time="33.871">
    <failure message="Expected condition failed: waiting for visibility of Proxy element for: DefaultElementLocator &apos;By.xpath: .//a[@class=&apos;nav-item&apos;][6]&apos; (tried for 10 second(s) with 500 milliseconds interval)" type="org.openqa.selenium.TimeoutException">org.openqa.selenium.TimeoutException: Expected condition failed: waiting for visibility of Proxy element for: DefaultElementLocator 'By.xpath: .//a[@class='nav-item'][6]' (tried for 10 second(s) with 500 milliseconds interval)
	at org.OptimaBusTests.uiTests.MainPageTest.checkTheMPBar(MainPageTest.java:27)
Caused by: org.openqa.selenium.NoSuchElementException: 
no such element: Unable to locate element: {"method":"xpath","selector":".//a[@class='nav-item'][6]"}
  (Session info: chrome=113.0.5672.127)
For documentation on this error, please visit: https://selenium.dev/exceptions/#no_such_element
Build info: version: '4.8.0', revision: '267030adea'
System info: os.name: 'Windows 10', os.arch: 'amd64', os.version: '10.0', java.version: '11.0.16.1'
Driver info: org.openqa.selenium.chrome.ChromeDriver
Command: [512fa64149956441c01668d4aabaf148, findElement {using=xpath, value=.//a[@class='nav-item'][6]}]
Capabilities {acceptInsecureCerts: false, browserName: chrome, browserVersion: 113.0.5672.127, chrome: {chromedriverVersion: 113.0.5672.63 (0e1a4471d5ae..., userDataDir: C:\Users\Asus\AppData\Local...}, goog:chromeOptions: {debuggerAddress: localhost:52042}, networkConnectionEnabled: false, pageLoadStrategy: normal, platformName: WINDOWS, proxy: Proxy(), se:cdp: ws://localhost:52042/devtoo..., se:cdpVersion: 113.0.5672.127, setWindowRect: true, strictFileInteractability: false, timeouts: {implicit: 0, pageLoad: 300000, script: 30000}, unhandledPromptBehavior: dismiss and notify, webauthn:extension:credBlob: true, webauthn:extension:largeBlob: true, webauthn:extension:minPinLength: true, webauthn:extension:prf: true, webauthn:virtualAuthenticators: true}
Session ID: 512fa64149956441c01668d4aabaf148
	at org.OptimaBusTests.uiTests.MainPageTest.checkTheMPBar(MainPageTest.java:27)
</failure>
    <system-out><![CDATA[[WARN ] 2023-06-01 09:46:27.366 [main] Driver - Starting Chromedriver
&amp#27;[0m[2023-06-01] 09:46:27:4627 WebDriverManager: 1238 [INFO] - Using chromedriver 113.0.5672.63 (resolved driver for Chrome 113)
&amp#27;[0m[2023-06-01] 09:46:27:4627 WebDriverManager: 1291 [INFO] - Exporting webdriver.chrome.driver as C:\Users\Asus\.cache\selenium\chromedriver\win32\113.0.5672.63\chromedriver.exe
[INFO ] 2023-06-01 09:46:28.105 [main] Driver - Chrome driver started successfully
[INFO ] 2023-06-01 09:46:31.813 [main] WebElementActions - Waiting for element to be clickable
[INFO ] 2023-06-01 09:46:31.845 [main] WebElementActions - Element is clickable
[INFO ] 2023-06-01 09:46:32.685 [main] WebElementActions - Waiting for element to be clickable
[INFO ] 2023-06-01 09:46:32.718 [main] WebElementActions - Element is clickable
[INFO ] 2023-06-01 09:46:33.960 [main] WebElementActions - Waiting for element to be clickable
[INFO ] 2023-06-01 09:46:33.992 [main] WebElementActions - Element is clickable
[[ChromeDriver: chrome on WINDOWS (512fa64149956441c01668d4aabaf148)] -> xpath: .//span[@class='company-name']]
[[ChromeDriver: chrome on WINDOWS (512fa64149956441c01668d4aabaf148)] -> xpath: .//span[@class='company-name']]
[[ChromeDriver: chrome on WINDOWS (512fa64149956441c01668d4aabaf148)] -> xpath: .//span[@class='company-name']]
[[ChromeDriver: chrome on WINDOWS (512fa64149956441c01668d4aabaf148)] -> xpath: .//span[@class='company-name']]
[[ChromeDriver: chrome on WINDOWS (512fa64149956441c01668d4aabaf148)] -> xpath: .//span[@class='company-name']]
[[ChromeDriver: chrome on WINDOWS (512fa64149956441c01668d4aabaf148)] -> xpath: .//span[@class='company-name']]
[[ChromeDriver: chrome on WINDOWS (512fa64149956441c01668d4aabaf148)] -> xpath: .//span[@class='company-name']]
[[ChromeDriver: chrome on WINDOWS (512fa64149956441c01668d4aabaf148)] -> xpath: .//span[@class='company-name']]
[[ChromeDriver: chrome on WINDOWS (512fa64149956441c01668d4aabaf148)] -> xpath: .//span[@class='company-name']]
[[ChromeDriver: chrome on WINDOWS (512fa64149956441c01668d4aabaf148)] -> xpath: .//span[@class='company-name']]
[[ChromeDriver: chrome on WINDOWS (512fa64149956441c01668d4aabaf148)] -> xpath: .//span[@class='company-name']]
[[ChromeDriver: chrome on WINDOWS (512fa64149956441c01668d4aabaf148)] -> xpath: .//span[@class='company-name']]
[[ChromeDriver: chrome on WINDOWS (512fa64149956441c01668d4aabaf148)] -> xpath: .//span[@class='company-name']]
[[ChromeDriver: chrome on WINDOWS (512fa64149956441c01668d4aabaf148)] -> xpath: .//span[@class='company-name']]
[INFO ] 2023-06-01 09:46:34.766 [main] WebElementActions - Waiting for element to be clickable
[INFO ] 2023-06-01 09:46:34.827 [main] WebElementActions - Element is clickable
[INFO ] 2023-06-01 09:46:35.552 [main] WebElementActions - Waiting for element to be clickable
[INFO ] 2023-06-01 09:46:35.578 [main] WebElementActions - Element is clickable
[INFO ] 2023-06-01 09:46:36.158 [main] WebElementActions - Waiting for element to be clickable
[INFO ] 2023-06-01 09:46:36.187 [main] WebElementActions - Element is clickable
[INFO ] 2023-06-01 09:46:36.766 [main] WebElementActions - Waiting for element to be clickable
[INFO ] 2023-06-01 09:46:36.795 [main] WebElementActions - Element is clickable
[INFO ] 2023-06-01 09:46:37.372 [main] WebElementActions - Waiting for element to be clickable
[INFO ] 2023-06-01 09:46:37.397 [main] WebElementActions - Element is clickable
[INFO ] 2023-06-01 09:46:37.963 [main] WebElementActions - Waiting for element to be clickable
[INFO ] 2023-06-01 09:46:37.990 [main] WebElementActions - Element is clickable
]]></system-out>
    <system-err><![CDATA[Starting ChromeDriver 113.0.5672.63 (0e1a4471d5ae5bf128b1bd8f4d627c8cbd55f70c-refs/branch-heads/5672@{#912}) on port 25616
Only local connections are allowed.
Please see https://chromedriver.chromium.org/security-considerations for suggestions on keeping ChromeDriver safe.
ChromeDriver was started successfully.
июн. 01, 2023 9:46:27 AM org.openqa.selenium.devtools.CdpVersionFinder findNearestMatch
WARNING: Unable to find an exact match for CDP version 113, so returning the closest version found: 109
]]></system-err>
  </testcase>
  <testcase name="visibilityBellBtn" classname="org.OptimaBusTests.uiTests.MainPageTest" time="15.025">
    <failure message="no such element: Unable to locate element: {&quot;method&quot;:&quot;xpath&quot;,&quot;selector&quot;:&quot;.//button[@class=&apos;q-btn q-btn-item non-selectable no-outline q-btn--flat q-btn--round q-btn--actionable q-focusable q-hoverable q-btn--dense icon-notification lite-shadow payment__btn&apos;]&quot;}&#10;  (Session info: chrome=113.0.5672.127)&#10;For documentation on this error, please visit: https://selenium.dev/exceptions/#no_such_element&#10;Build info: version: &apos;4.8.0&apos;, revision: &apos;267030adea&apos;&#10;System info: os.name: &apos;Windows 10&apos;, os.arch: &apos;amd64&apos;, os.version: &apos;10.0&apos;, java.version: &apos;11.0.16.1&apos;&#10;Driver info: org.openqa.selenium.chrome.ChromeDriver&#10;Command: [512fa64149956441c01668d4aabaf148, findElement {using=xpath, value=.//button[@class=&apos;q-btn q-btn-item non-selectable no-outline q-btn--flat q-btn--round q-btn--actionable q-focusable q-hoverable q-btn--dense icon-notification lite-shadow payment__btn&apos;]}]&#10;Capabilities {acceptInsecureCerts: false, browserName: chrome, browserVersion: 113.0.5672.127, chrome: {chromedriverVersion: 113.0.5672.63 (0e1a4471d5ae..., userDataDir: C:\Users\Asus\AppData\Local...}, goog:chromeOptions: {debuggerAddress: localhost:52042}, networkConnectionEnabled: false, pageLoadStrategy: normal, platformName: WINDOWS, proxy: Proxy(), se:cdp: ws://localhost:52042/devtoo..., se:cdpVersion: 113.0.5672.127, setWindowRect: true, strictFileInteractability: false, timeouts: {implicit: 0, pageLoad: 300000, script: 30000}, unhandledPromptBehavior: dismiss and notify, webauthn:extension:credBlob: true, webauthn:extension:largeBlob: true, webauthn:extension:minPinLength: true, webauthn:extension:prf: true, webauthn:virtualAuthenticators: true}&#10;Session ID: 512fa64149956441c01668d4aabaf148" type="org.openqa.selenium.NoSuchElementException">org.openqa.selenium.NoSuchElementException: 
no such element: Unable to locate element: {"method":"xpath","selector":".//button[@class='q-btn q-btn-item non-selectable no-outline q-btn--flat q-btn--round q-btn--actionable q-focusable q-hoverable q-btn--dense icon-notification lite-shadow payment__btn']"}
  (Session info: chrome=113.0.5672.127)
For documentation on this error, please visit: https://selenium.dev/exceptions/#no_such_element
Build info: version: '4.8.0', revision: '267030adea'
System info: os.name: 'Windows 10', os.arch: 'amd64', os.version: '10.0', java.version: '11.0.16.1'
Driver info: org.openqa.selenium.chrome.ChromeDriver
Command: [512fa64149956441c01668d4aabaf148, findElement {using=xpath, value=.//button[@class='q-btn q-btn-item non-selectable no-outline q-btn--flat q-btn--round q-btn--actionable q-focusable q-hoverable q-btn--dense icon-notification lite-shadow payment__btn']}]
Capabilities {acceptInsecureCerts: false, browserName: chrome, browserVersion: 113.0.5672.127, chrome: {chromedriverVersion: 113.0.5672.63 (0e1a4471d5ae..., userDataDir: C:\Users\Asus\AppData\Local...}, goog:chromeOptions: {debuggerAddress: localhost:52042}, networkConnectionEnabled: false, pageLoadStrategy: normal, platformName: WINDOWS, proxy: Proxy(), se:cdp: ws://localhost:52042/devtoo..., se:cdpVersion: 113.0.5672.127, setWindowRect: true, strictFileInteractability: false, timeouts: {implicit: 0, pageLoad: 300000, script: 30000}, unhandledPromptBehavior: dismiss and notify, webauthn:extension:credBlob: true, webauthn:extension:largeBlob: true, webauthn:extension:minPinLength: true, webauthn:extension:prf: true, webauthn:virtualAuthenticators: true}
Session ID: 512fa64149956441c01668d4aabaf148
	at org.OptimaBusTests.uiTests.MainPageTest.visibilityBellBtn(MainPageTest.java:39)
</failure>
  </testcase>
  <testcase name="checkOtherBTNS" classname="org.OptimaBusTests.uiTests.MainPageTest" time="0.998"/>
  <testcase name="checkThe2BTN" classname="org.OptimaBusTests.uiTests.OperationHisTests" time="0.791"/>
  <testcase name="CheckSettings" classname="org.OptimaBusTests.uiTests.SettingsTests" time="0.666"/>
  <testcase name="AccountVisibility" classname="org.OptimaBusTests.uiTests.SettingsTests" time="45.131">
    <failure message="Expected condition failed: waiting for visibility of Proxy element for: DefaultElementLocator &apos;By.xpath: (.//button[@class=&quot;q-btn q-btn-item non-selectable no-outline q-btn--flat q-btn--rectangle text-red q-btn--actionable q-focusable q-hoverable q-btn--no-uppercase q-btn--dense action-btn&quot;])[1]&apos; (tried for 10 second(s) with 500 milliseconds interval)" type="org.openqa.selenium.TimeoutException">org.openqa.selenium.TimeoutException: Expected condition failed: waiting for visibility of Proxy element for: DefaultElementLocator 'By.xpath: (.//button[@class="q-btn q-btn-item non-selectable no-outline q-btn--flat q-btn--rectangle text-red q-btn--actionable q-focusable q-hoverable q-btn--no-uppercase q-btn--dense action-btn"])[1]' (tried for 10 second(s) with 500 milliseconds interval)
	at org.OptimaBusTests.uiTests.SettingsTests.AccountVisibility(SettingsTests.java:30)
Caused by: org.openqa.selenium.NoSuchElementException: 
no such element: Unable to locate element: {"method":"xpath","selector":"(.//button[@class="q-btn q-btn-item non-selectable no-outline q-btn--flat q-btn--rectangle text-red q-btn--actionable q-focusable q-hoverable q-btn--no-uppercase q-btn--dense action-btn"])[1]"}
  (Session info: chrome=113.0.5672.127)
For documentation on this error, please visit: https://selenium.dev/exceptions/#no_such_element
Build info: version: '4.8.0', revision: '267030adea'
System info: os.name: 'Windows 10', os.arch: 'amd64', os.version: '10.0', java.version: '11.0.16.1'
Driver info: org.openqa.selenium.chrome.ChromeDriver
Command: [dd2ada049e44a96f33ed58d160ab1a6f, findElement {using=xpath, value=(.//button[@class="q-btn q-btn-item non-selectable no-outline q-btn--flat q-btn--rectangle text-red q-btn--actionable q-focusable q-hoverable q-btn--no-uppercase q-btn--dense action-btn"])[1]}]
Capabilities {acceptInsecureCerts: false, browserName: chrome, browserVersion: 113.0.5672.127, chrome: {chromedriverVersion: 113.0.5672.63 (0e1a4471d5ae..., userDataDir: C:\Users\Asus\AppData\Local...}, goog:chromeOptions: {debuggerAddress: localhost:52132}, networkConnectionEnabled: false, pageLoadStrategy: normal, platformName: WINDOWS, proxy: Proxy(), se:cdp: ws://localhost:52132/devtoo..., se:cdpVersion: 113.0.5672.127, setWindowRect: true, strictFileInteractability: false, timeouts: {implicit: 0, pageLoad: 300000, script: 30000}, unhandledPromptBehavior: dismiss and notify, webauthn:extension:credBlob: true, webauthn:extension:largeBlob: true, webauthn:extension:minPinLength: true, webauthn:extension:prf: true, webauthn:virtualAuthenticators: true}
Session ID: dd2ada049e44a96f33ed58d160ab1a6f
	at org.OptimaBusTests.uiTests.SettingsTests.AccountVisibility(SettingsTests.java:30)
</failure>
  </testcase>
  <testcase name="ChangePassword" classname="org.OptimaBusTests.uiTests.SettingsTests" time="30.066">
    <failure message="Expected condition failed: waiting for visibility of Proxy element for: DefaultElementLocator &apos;By.xpath: (.//div[@class=&apos;q-tab__label&apos;])[3]&apos; (tried for 10 second(s) with 500 milliseconds interval)" type="org.openqa.selenium.TimeoutException">org.openqa.selenium.TimeoutException: Expected condition failed: waiting for visibility of Proxy element for: DefaultElementLocator 'By.xpath: (.//div[@class='q-tab__label'])[3]' (tried for 10 second(s) with 500 milliseconds interval)
	at org.OptimaBusTests.uiTests.SettingsTests.ChangePassword(SettingsTests.java:36)
Caused by: org.openqa.selenium.NoSuchElementException: 
no such element: Unable to locate element: {"method":"xpath","selector":"(.//div[@class='q-tab__label'])[3]"}
  (Session info: chrome=113.0.5672.127)
For documentation on this error, please visit: https://selenium.dev/exceptions/#no_such_element
Build info: version: '4.8.0', revision: '267030adea'
System info: os.name: 'Windows 10', os.arch: 'amd64', os.version: '10.0', java.version: '11.0.16.1'
Driver info: org.openqa.selenium.chrome.ChromeDriver
Command: [dd2ada049e44a96f33ed58d160ab1a6f, findElement {using=xpath, value=(.//div[@class='q-tab__label'])[3]}]
Capabilities {acceptInsecureCerts: false, browserName: chrome, browserVersion: 113.0.5672.127, chrome: {chromedriverVersion: 113.0.5672.63 (0e1a4471d5ae..., userDataDir: C:\Users\Asus\AppData\Local...}, goog:chromeOptions: {debuggerAddress: localhost:52132}, networkConnectionEnabled: false, pageLoadStrategy: normal, platformName: WINDOWS, proxy: Proxy(), se:cdp: ws://localhost:52132/devtoo..., se:cdpVersion: 113.0.5672.127, setWindowRect: true, strictFileInteractability: false, timeouts: {implicit: 0, pageLoad: 300000, script: 30000}, unhandledPromptBehavior: dismiss and notify, webauthn:extension:credBlob: true, webauthn:extension:largeBlob: true, webauthn:extension:minPinLength: true, webauthn:extension:prf: true, webauthn:virtualAuthenticators: true}
Session ID: dd2ada049e44a96f33ed58d160ab1a6f
	at org.OptimaBusTests.uiTests.SettingsTests.ChangePassword(SettingsTests.java:36)
</failure>
  </testcase>
</testsuite>