<?xml version="1.0" encoding="UTF-8"?>
<testsuite xmlns:xsi="http://www.w3.org/2001/XMLSchema-instance" xsi:noNamespaceSchemaLocation="https://maven.apache.org/surefire/maven-surefire-plugin/xsd/surefire-test-report.xsd" name="TestSuite" time="78.647" tests="20" errors="0" skipped="0" failures="1">
  <properties>
[...]
</properties>
  <testcase name="loginWithValidCredentials" classname="org.OptimaBusTests.uiTests.CalcTests" time="1.404"/>
  <testcase name="chooseUSD" classname="org.OptimaBusTests.uiTests.CalcTests" time="3.019"/>
  <testcase name="loginWithValidCredentials" classname="org.OptimaBusTests.uiTests.LoginTests" time="1.363"/>
  <testcase name="checkTheMPBar" classname="org.OptimaBusTests.uiTests.MainPageTest" time="2.376"/>
  <testcase name="visibilityBellBtn" classname="org.OptimaBusTests.uiTests.MainPageTest" time="15.054">
    <failure message="no such element: Unable to locate element: {&quot;method&quot;:&quot;xpath&quot;,&quot;selector&quot;:&quot;.//button[@class=&apos;q-btn q-btn-item non-selectable no-outline q-btn--flat q-btn--round q-btn--actionable q-focusable q-hoverable q-btn--dense icon-notification lite-shadow payment__btn&apos;]&quot;}&#10;  (Session info: chrome=114.0.5735.134)&#10;For documentation on this error, please visit: https://selenium.dev/exceptions/#no_such_element&#10;Build info: version: &apos;4.8.0&apos;, revision: &apos;267030adea&apos;&#10;System info: os.name: &apos;Windows 10&apos;, os.arch: &apos;amd64&apos;, os.version: &apos;10.0&apos;, java.version: &apos;11.0.16.1&apos;&#10;Driver info: org.openqa.selenium.chrome.ChromeDriver&#10;Command: [fd69403acc135243a4a8efba47afd3d1, findElement {using=xpath, value=.//button[@class=&apos;q-btn q-btn-item non-selectable no-outline q-btn--flat q-btn--round q-btn--actionable q-focusable q-hoverable q-btn--dense icon-notification lite-shadow payment__btn&apos;]}]&#10;Capabilities {acceptInsecureCerts: false, browserName: chrome, browserVersion: 114.0.5735.134, chrome: {chromedriverVersion: 114.0.5735.90 (386bc09e8f4f..., userDataDir: C:\Users\Asus\AppData\Local...}, goog:chromeOptions: {debuggerAddress: localhost:60484}, networkConnectionEnabled: false, pageLoadStrategy: normal, platformName: WINDOWS, proxy: Proxy(), se:cdp: ws://localhost:60484/devtoo..., se:cdpVersion: 114.0.5735.134, setWindowRect: true, strictFileInteractability: false, timeouts: {implicit: 0, pageLoad: 300000, script: 30000}, unhandledPromptBehavior: dismiss and notify, webauthn:extension:credBlob: true, webauthn:extension:largeBlob: true, webauthn:extension:minPinLength: true, webauthn:extension:prf: true, webauthn:virtualAuthenticators: true}&#10;Session ID: fd69403acc135243a4a8efba47afd3d1" type="org.openqa.selenium.NoSuchElementException">org.openqa.selenium.NoSuchElementException: 
no such element: Unable to locate element: {"method":"xpath","selector":".//button[@class='q-btn q-btn-item non-selectable no-outline q-btn--flat q-btn--round q-btn--actionable q-focusable q-hoverable q-btn--dense icon-notification lite-shadow payment__btn']"}
  (Session info: chrome=114.0.5735.134)
For documentation on this error, please visit: https://selenium.dev/exceptions/#no_such_element
Build info: version: '4.8.0', revision: '267030adea'
System info: os.name: 'Windows 10', os.arch: 'amd64', os.version: '10.0', java.version: '11.0.16.1'
Driver info: org.openqa.selenium.chrome.ChromeDriver
Command: [fd69403acc135243a4a8efba47afd3d1, findElement {using=xpath, value=.//button[@class='q-btn q-btn-item non-selectable no-outline q-btn--flat q-btn--round q-btn--actionable q-focusable q-hoverable q-btn--dense icon-notification lite-shadow payment__btn']}]
Capabilities {acceptInsecureCerts: false, browserName: chrome, browserVersion: 114.0.5735.134, chrome: {chromedriverVersion: 114.0.5735.90 (386bc09e8f4f..., userDataDir: C:\Users\Asus\AppData\Local...}, goog:chromeOptions: {debuggerAddress: localhost:60484}, networkConnectionEnabled: false, pageLoadStrategy: normal, platformName: WINDOWS, proxy: Proxy(), se:cdp: ws://localhost:60484/devtoo..., se:cdpVersion: 114.0.5735.134, setWindowRect: true, strictFileInteractability: false, timeouts: {implicit: 0, pageLoad: 300000, script: 30000}, unhandledPromptBehavior: dismiss and notify, webauthn:extension:credBlob: true, webauthn:extension:largeBlob: true, webauthn:extension:minPinLength: true, webauthn:extension:prf: true, webauthn:virtualAuthenticators: true}
Session ID: fd69403acc135243a4a8efba47afd3d1
	at org.OptimaBusTests.uiTests.MainPageTest.visibilityBellBtn(MainPageTest.java:39)
</failure>
  </testcase>
  <testcase name="checkOtherBTNS" classname="org.OptimaBusTests.uiTests.MainPageTest" time="0.705"/>
  <testcase name="importCheckBTN" classname="org.OptimaBusTests.uiTests.MainPageTest" time="0.003"/>
  <testcase name="checkThe2BTN" classname="org.OptimaBusTests.uiTests.OperationHisTests" time="0.361"/>
  <testcase name="NaPodpis" classname="org.OptimaBusTests.uiTests.OperationHisTests" time="0.329"/>
  <testcase name="OjidaetOtpr" classname="org.OptimaBusTests.uiTests.OperationHisTests" time="0.314"/>
  <testcase name="NaRedact" classname="org.OptimaBusTests.uiTests.OperationHisTests" time="0.314"/>
  <testcase name="Ispolnennye" classname="org.OptimaBusTests.uiTests.OperationHisTests" time="0.314"/>
  <testcase name="Otklonennye" classname="org.OptimaBusTests.uiTests.OperationHisTests" time="0.316"/>
  <testcase name="OtkazanoBankom" classname="org.OptimaBusTests.uiTests.OperationHisTests" time="0.311"/>
  <testcase name="MoiChernoviki" classname="org.OptimaBusTests.uiTests.OperationHisTests" time="0.317"/>
  <testcase name="CheckSettings" classname="org.OptimaBusTests.uiTests.SettingsTests" time="0.148"/>
  <testcase name="PayControl" classname="org.OptimaBusTests.uiTests.SettingsTests" time="0.431"/>
  <testcase name="AccountVisibility" classname="org.OptimaBusTests.uiTests.SettingsTests" time="4.711"/>
  <testcase name="ChangePassword" classname="org.OptimaBusTests.uiTests.SettingsTests" time="0.651"/>
  <testcase name="ChangeNumber" classname="org.OptimaBusTests.uiTests.SettingsTests" time="0.313"/>
</testsuite>