-------------------------------------------------------------------------------
Test set: TestSuite
-------------------------------------------------------------------------------
Tests run: 11, Failures: 1, Errors: 0, Skipped: 0, Time elapsed: 60.073 s <<< FAILURE! - in TestSuite
checkOtherBTNS(org.OptimaBusTests.uiTests.MainPageTest)  Time elapsed: 0.743 s  <<< FAILURE!
java.lang.AssertionError: expected [https://test-ob.optimabank.kg/accounts] but found [https://test-ob.optimabank.kg/]
	at org.OptimaBusTests.uiTests.MainPageTest.checkOtherBTNS(MainPageTest.java:39)

